Case 1:
9502
4855
8659
29911
9429
6422
5618
10857
38963
11357
2824
10343
32229
8728
31273
34081
21224
5043
18659
16652
28491
14499
19252
6965
18924
12691
195
16728
9922
4945
4550
10443
21424
24470
16008
5591
31212
16082
9955
14253
26107
11132
21989
16291
14234
8363
4159
8330
41138
10917
16183
13160
4406
26910
4577
5037
28960
28238
36901
12897
10550
2881
16580
19184
37341
14245
6391
26803
18933
6677
34021
27033
10890
6071
2663
34940
35747
14189
22350
22806
229
11380
10770
4577
15039
13277
14942
25100
17492
1273
21754
12318
27279
6900
18435
12121
18086
6139
32244
2999
30037
8935
15761
7115
3270
2837
435
27508
9485
19630
27428
18663
28676
21999
13044
24296
39345
20892
1385
10185
2764
20481
260
3137
4292
27242
17811
11258
8290
7143
16505
5688
1243
31409
28443
16269
10760
36358
997
6915
37215
9777
12083
9880
18485
29128
23964
18728
296
269
13416
13133
19073
27259
36896
4269
10031
14792
3800
6058
1290
21944
14775
8815
11065
3416
29003
21920
3453
32079
35554
42469
26493
724
45195
17229
1344
1364
33721
22330
20660
155
30750
30852
11674
4820
19758
3210
19871
10373
26848
13368
40196
682
1514
17964
4294
43872
16000
212
3911
1174
1737
19445
17386
9957
27872
10696
3724
1687
34584
18346
27731
32288
4536
25758
19220
41724
24858
13283
7757
2079
22683
40171
17237
32841
15756
26134
3511
5318
17295
20653
8131
17777
34353
6691
14515
4104
20082
8144
37818
13222
4746
25245
4362
32184
1082
18316
12094
33183
4358
8823
10061
10915
4453
39745
12269
20341
34641
7107
686
7945
2358
27546
12353
14439
14759
26501
32662
43552
30895
8776
6628
18167
14426
16539
15944
30057
8321
29186
14500
9814
9656
7601
3346
25624
9208
10039
533
5655
10921
10024
22201
8811
8082
15212
11200
9912
520
9890
7148
13680
4558
6789
9157
20352
43106
25718
11473
2440
7001
4042
27351
3749
33297
10462
7147
8813
18766
43915
26012
5448
24227
11372
9354
20523
9539
2864
4292
21416
2415
Case 2:
5572
1704
2243
1629
22387
11150
29719
3760
20921
38059
2393
36576
15494
9265
8400
7611
5233
23041
37887
32423
17966
21373
7499
28021
23229
1859
22910
8223
17092
30508
26572
39560
35956
12658
21652
2693
10074
3831
8561
8938
32203
3870
7761
31092
1357
19829
1002
2675
10158
22190
31083
16623
776
20960
10654
15358
23274
12949
6761
11844
3583
15425
11101
26348
26925
11159
5221
9725
2898
4359
687
18796
16793
21310
2952
4849
1196
2803
30285
14305
5416
7213
14819
28665
14403
24153
11598
26655
14065
18770
31428
11641
12807
5476
29749
30278
38534
13501
7087
18017
34284
8678
4103
318
12929
11848
24947
34970
9019
39721
3674
9850
25354
18521
11911
5603
30971
36115
21613
26679
47496
10415
41916
11414
1455
2748
20259
16057
1689
37209
16077
16380
21298
12200
22511
25226
6522
24504
13027
840
11668
20498
3277
15443
15479
45651
36074
15860
5100
12056
15399
4188
15858
4785
35575
20168
4301
18964
14693
21650
34653
1506
26817
24115
38498
32996
936
18312
761
47186
2128
8403
24178
2542
24629
14546
31687
32989
10037
32927
38375
1480
41334
39569
4832
43546
13548
6535
30336
8859
29193
15787
1608
7166
33955
15634
6564
1998
3073
3750
11640
29036
8729
4816
3444
38008
3821
5104
26240
33095
4721
1430
6007
14800
5502
708
1880
21499
23808
35241
30662
25615
37930
21602
38882
21648
16130
8417
5608
32108
15325
18444
6620
3204
2081
5029
4792
36777
10057
5204
14960
9826
10603
18790
27730
24005
25417
33288
35071
46562
14413
17664
37221
28755
35637
8703
9788
5123
362
41126
19463
7824
15468
16308
31257
31483
17863
21166
671
7016
17851
31070
11898
21393
26340
16339
7915
21354
42713
11155
2226
28214
7551
38268
25520
1607
28733
21760
27750
42542
13943
1748
2734
16461
6613
18475
27697
16973
33244
14652
32474
9034
8003
26428
1660
27167
4051
22464
5694
32758
37543
12345
18290
8630
3587
9571
16522
8045
13842
4825
17992
17106
13003
10268
21109
1166
26186
